<?xml version="1.0" encoding="UTF-8"?>
<!-- Generated by org.testng.reporters.JUnitReportReporter -->
<testsuite hostname="ALIHAMZA" name="framework.testing.Cleaning_Navigation" tests="1" failures="0" timestamp="14 Feb 2016 22:38:03 GMT" time="43.778" errors="0">
  <testcase name="canUserCleaningNavigate" time="43.778" classname="framework.testing.Cleaning_Navigation"/>
</testsuite> <!-- framework.testing.Cleaning_Navigation -->
