<?xml version="1.0" encoding="UTF-8"?>
<!-- Generated by org.testng.reporters.JUnitReportReporter -->
<testsuite hostname="ALIHAMZA" name="framework.page_object.testing.NewAccount_Test" tests="1" failures="0" timestamp="8 Dec 2015 00:47:29 GMT" time="24.488" errors="0">
  <testcase name="create_new_account" time="24.488" classname="framework.page_object.testing.NewAccount_Test"/>
</testsuite> <!-- framework.page_object.testing.NewAccount_Test -->
