<?xml version="1.0" encoding="UTF-8"?>
<!-- Generated by org.testng.reporters.JUnitReportReporter -->
<testsuite hostname="ALIHAMZA" name="framework.testing.Feeding_Navigation" tests="1" failures="0" timestamp="14 Feb 2016 23:00:14 GMT" time="60.944" errors="0">
  <testcase name="feedingNavigationTest" time="60.944" classname="framework.testing.Feeding_Navigation"/>
</testsuite> <!-- framework.testing.Feeding_Navigation -->
