<?xml version="1.0" encoding="UTF-8"?>
<!-- Generated by org.testng.reporters.JUnitReportReporter -->
<testsuite hostname="ALIHAMZA" name="framework.testing.Personal_Care_Navigation" tests="1" failures="0" timestamp="24 Jan 2016 21:39:38 GMT" time="23.832" errors="0">
  <testcase name="user_Clicks_PersonalCareImage" time="23.832" classname="framework.testing.Personal_Care_Navigation"/>
</testsuite> <!-- framework.testing.Personal_Care_Navigation -->
