<?xml version="1.0" encoding="UTF-8"?>
<!-- Generated by org.testng.reporters.JUnitReportReporter -->
<testsuite hostname="ALIHAMZA" name="framework.testing.Footer_Navigation_Click" tests="1" failures="0" timestamp="16 Jan 2016 06:03:19 GMT" time="29.654" errors="0">
  <testcase name="footer_Navigation_Click" time="29.654" classname="framework.testing.Footer_Navigation_Click"/>
</testsuite> <!-- framework.testing.Footer_Navigation_Click -->
