<?xml version="1.0" encoding="UTF-8"?>
<!-- Generated by org.testng.reporters.JUnitReportReporter -->
<testsuite hostname="ALIHAMZA" name="framework.testing.Footer_Navigation_Click" tests="1" failures="0" timestamp="14 Feb 2016 23:11:04 GMT" time="110.341" errors="0">
  <testcase name="footer_Navigation_Click" time="110.341" classname="framework.testing.Footer_Navigation_Click"/>
</testsuite> <!-- framework.testing.Footer_Navigation_Click -->
