<?xml version="1.0" encoding="UTF-8"?>
<!-- Generated by org.testng.reporters.JUnitReportReporter -->
<testsuite hostname="ALIHAMZA" name="framework.page_object.testing.Header_Navigation_Click_TEST" tests="5" failures="0" timestamp="14 Dec 2015 02:27:09 GMT" time="43.398" errors="0">
  <testcase name="user_clicks_header05" time="10.196" classname="framework.page_object.testing.Header_Navigation_Click_TEST"/>
  <testcase name="user_clicks_header02" time="11.314" classname="framework.page_object.testing.Header_Navigation_Click_TEST"/>
  <testcase name="user_clicks_header04" time="10.170" classname="framework.page_object.testing.Header_Navigation_Click_TEST"/>
  <testcase name="user_clicks_header01" time="1.571" classname="framework.page_object.testing.Header_Navigation_Click_TEST"/>
  <testcase name="user_clicks_header03" time="10.147" classname="framework.page_object.testing.Header_Navigation_Click_TEST"/>
</testsuite> <!-- framework.page_object.testing.Header_Navigation_Click_TEST -->
