<?xml version="1.0" encoding="UTF-8"?>
<!-- Generated by org.testng.reporters.JUnitReportReporter -->
<testsuite hostname="ALIHAMZA" name="framework.testing.SignIn_Funnel_Navigation" tests="1" failures="0" timestamp="24 Jan 2016 21:39:38 GMT" time="37.780" errors="0">
  <testcase name="SignInFunnelNavigation" time="37.780" classname="framework.testing.SignIn_Funnel_Navigation"/>
</testsuite> <!-- framework.testing.SignIn_Funnel_Navigation -->
