<?xml version="1.0" encoding="UTF-8"?>
<!-- Generated by org.testng.reporters.JUnitReportReporter -->
<testsuite hostname="ALIHAMZA" name="framework.testing.Main_Search" tests="1" failures="0" timestamp="24 Jan 2016 21:39:38 GMT" time="8.677" errors="0">
  <testcase name="user_Search" time="8.677" classname="framework.testing.Main_Search"/>
</testsuite> <!-- framework.testing.Main_Search -->
