<?xml version="1.0" encoding="UTF-8"?>
<!-- Generated by org.testng.reporters.JUnitReportReporter -->
<testsuite hostname="ALIHAMZA" name="framework.testing.Header_Navigation_Click" tests="1" failures="0" timestamp="24 Jan 2016 21:57:47 GMT" time="63.122" errors="0">
  <testcase name="header_Navigation" time="63.122" classname="framework.testing.Header_Navigation_Click"/>
</testsuite> <!-- framework.testing.Header_Navigation_Click -->
