<?xml version="1.0" encoding="UTF-8"?>
<!-- Generated by org.testng.reporters.JUnitReportReporter -->
<testsuite hostname="ALIHAMZA" name="framework.testing.Create_Account" tests="2" failures="0" timestamp="24 Jan 2016 21:39:39 GMT" time="36.226" errors="0">
  <testcase name="user_CreatesNewAccount_FromMyAccount" time="26.349" classname="framework.testing.Create_Account"/>
  <testcase name="user_CreatesAccount_FromFreeTrial" time="9.877" classname="framework.testing.Create_Account"/>
</testsuite> <!-- framework.testing.Create_Account -->
