<?xml version="1.0" encoding="UTF-8"?>
<!-- Generated by org.testng.reporters.JUnitReportReporter -->
<testsuite hostname="ALIHAMZA" name="framework.testing.Personal_Care_Navigation" tests="1" failures="0" timestamp="16 Jan 2016 06:03:19 GMT" time="19.818" errors="0">
  <testcase name="user_Clicks_PersonalCareImage" time="19.818" classname="framework.testing.Personal_Care_Navigation"/>
</testsuite> <!-- framework.testing.Personal_Care_Navigation -->
