<?xml version="1.0" encoding="UTF-8"?>
<!-- Generated by org.testng.reporters.JUnitReportReporter -->
<testsuite hostname="ALIHAMZA" name="framework.page_object.testing.CreateNewAccount" tests="1" failures="0" timestamp="6 Dec 2015 20:56:05 GMT" time="15.710" errors="0">
  <testcase name="create_new_account" time="15.710" classname="framework.page_object.testing.CreateNewAccount"/>
</testsuite> <!-- framework.page_object.testing.CreateNewAccount -->
