<?xml version="1.0" encoding="UTF-8"?>
<!-- Generated by org.testng.reporters.JUnitReportReporter -->
<testsuite hostname="ALIHAMZA" name="framework.testing.Press_Image_Select" tests="1" failures="0" timestamp="17 Jan 2016 20:32:20 GMT" time="27.003" errors="0">
  <testcase name="pressImageSelect" time="27.003" classname="framework.testing.Press_Image_Select"/>
</testsuite> <!-- framework.testing.Press_Image_Select -->
