<?xml version="1.0" encoding="UTF-8"?>
<!-- Generated by org.testng.reporters.JUnitReportReporter -->
<testsuite hostname="ALIHAMZA" name="framework.testing.Sign_In" tests="2" failures="0" timestamp="17 Jan 2016 19:00:23 GMT" time="25.859" errors="0">
  <testcase name="user_LogsInFromHeader" time="6.869" classname="framework.testing.Sign_In"/>
  <testcase name="user_LogsInFromMyAccount" time="18.990" classname="framework.testing.Sign_In"/>
</testsuite> <!-- framework.testing.Sign_In -->
