<?xml version="1.0" encoding="UTF-8"?>
<!-- Generated by org.testng.reporters.JUnitReportReporter -->
<testsuite hostname="ALIHAMZA" name="framework.testing.CreateNewAccount" tests="1" failures="0" timestamp="14 Feb 2016 21:18:23 GMT" time="58.548" errors="0">
  <testcase name="canUserRegisterNewAccount" time="58.548" classname="framework.testing.CreateNewAccount"/>
</testsuite> <!-- framework.testing.CreateNewAccount -->
