<?xml version="1.0" encoding="UTF-8"?>
<!-- Generated by org.testng.reporters.JUnitReportReporter -->
<testsuite hostname="ALIHAMZA" name="framework.testing.Header_Navigation_Click_TEST" tests="5" failures="0" timestamp="16 Dec 2015 00:28:49 GMT" time="42.385" errors="0">
  <testcase name="user_clicks_header02" time="10.800" classname="framework.testing.Header_Navigation_Click_TEST"/>
  <testcase name="user_clicks_header01" time="1.180" classname="framework.testing.Header_Navigation_Click_TEST"/>
  <testcase name="user_clicks_header04" time="10.079" classname="framework.testing.Header_Navigation_Click_TEST"/>
  <testcase name="user_clicks_header05" time="10.153" classname="framework.testing.Header_Navigation_Click_TEST"/>
  <testcase name="user_clicks_header03" time="10.173" classname="framework.testing.Header_Navigation_Click_TEST"/>
</testsuite> <!-- framework.testing.Header_Navigation_Click_TEST -->
