<?xml version="1.0" encoding="UTF-8"?>
<!-- Generated by org.testng.reporters.JUnitReportReporter -->
<testsuite hostname="ALIHAMZA" name="framework.page_object.testing.ValidLogin_Test" tests="2" failures="0" timestamp="8 Dec 2015 00:47:29 GMT" time="24.318" errors="0">
  <testcase name="valid_login" time="10.698" classname="framework.page_object.testing.ValidLogin_Test"/>
  <testcase name="firstPopup" time="13.620" classname="framework.page_object.testing.ValidLogin_Test"/>
</testsuite> <!-- framework.page_object.testing.ValidLogin_Test -->
