<?xml version="1.0" encoding="UTF-8"?>
<!-- Generated by org.testng.reporters.JUnitReportReporter -->
<testsuite hostname="ALIHAMZA" name="framework.testing.PrintLinks" tests="2" failures="0" timestamp="17 Jan 2016 20:49:53 GMT" time="49.163" errors="0">
  <testcase name="print_AllTheLinks" time="48.839" classname="framework.testing.PrintLinks"/>
  <testcase name="print_SpecificLink" time="0.324" classname="framework.testing.PrintLinks"/>
</testsuite> <!-- framework.testing.PrintLinks -->
