<?xml version="1.0" encoding="UTF-8"?>
<!-- Generated by org.testng.reporters.JUnitReportReporter -->
<testsuite hostname="ALIHAMZA" name="framework.testing.Gifts_Navigation" tests="1" failures="0" timestamp="24 Jan 2016 21:39:38 GMT" time="22.467" errors="0">
  <testcase name="user_Clicks_GiftCards" time="22.467" classname="framework.testing.Gifts_Navigation"/>
</testsuite> <!-- framework.testing.Gifts_Navigation -->
