<?xml version="1.0" encoding="UTF-8"?>
<!-- Generated by org.testng.reporters.JUnitReportReporter -->
<testsuite hostname="ALIHAMZA" name="framework.testing.Navigation_Hover_TEST" tests="3" failures="0" timestamp="16 Dec 2015 00:28:49 GMT" time="29.982" errors="0">
  <testcase name="user_navi_bestDeal_formula" time="8.893" classname="framework.testing.Navigation_Hover_TEST"/>
  <testcase name="user_navi_new_orangeHandSanitizer" time="11.307" classname="framework.testing.Navigation_Hover_TEST"/>
  <testcase name="user_navi_diaperCakes" time="9.782" classname="framework.testing.Navigation_Hover_TEST"/>
</testsuite> <!-- framework.testing.Navigation_Hover_TEST -->
