<?xml version="1.0" encoding="UTF-8"?>
<!-- Generated by org.testng.reporters.JUnitReportReporter -->
<testsuite hostname="ALIHAMZA" name="framework.testing.Cleaning_Navigation" tests="1" failures="0" timestamp="12 Feb 2016 06:38:18 GMT" time="0.289" errors="0">
  <testcase name="cleaning_Navigation" time="0.289" classname="framework.testing.Cleaning_Navigation"/>
</testsuite> <!-- framework.testing.Cleaning_Navigation -->
