<?xml version="1.0" encoding="UTF-8"?>
<!-- Generated by org.testng.reporters.JUnitReportReporter -->
<testsuite hostname="ALIHAMZA" name="framework.testing.Navigation_Hover" tests="1" failures="0" timestamp="24 Jan 2016 21:57:47 GMT" time="23.862" errors="0">
  <testcase name="hover_Navigation" time="23.862" classname="framework.testing.Navigation_Hover"/>
</testsuite> <!-- framework.testing.Navigation_Hover -->
