<?xml version="1.0" encoding="UTF-8"?>
<!-- Generated by org.testng.reporters.JUnitReportReporter -->
<testsuite hostname="ALIHAMZA" name="framework.testing.Main_Search" tests="1" failures="0" timestamp="17 Jan 2016 20:39:34 GMT" time="12.221" errors="0">
  <testcase name="user_Search" time="12.221" classname="framework.testing.Main_Search"/>
</testsuite> <!-- framework.testing.Main_Search -->
