<?xml version="1.0" encoding="UTF-8"?>
<!-- Generated by org.testng.reporters.JUnitReportReporter -->
<testsuite hostname="ALIHAMZA" name="framework.testing.Gifts_Navigation" tests="1" failures="0" timestamp="14 Feb 2016 23:21:25 GMT" time="52.243" errors="0">
  <testcase name="canUserGetGiftCard" time="52.243" classname="framework.testing.Gifts_Navigation"/>
</testsuite> <!-- framework.testing.Gifts_Navigation -->
