<?xml version="1.0" encoding="UTF-8"?>
<!-- Generated by org.testng.reporters.JUnitReportReporter -->
<testsuite hostname="ALIHAMZA" name="framework.testing.Navigation_Hover" tests="1" failures="0" timestamp="18 Jan 2016 23:35:38 GMT" time="30.242" errors="0">
  <testcase name="hover_Navigation" time="30.242" classname="framework.testing.Navigation_Hover"/>
</testsuite> <!-- framework.testing.Navigation_Hover -->
