<?xml version="1.0" encoding="UTF-8"?>
<!-- Generated by org.testng.reporters.JUnitReportReporter -->
<testsuite hostname="ALIHAMZA" name="framework.testing.Gifts_Navigation" tests="1" failures="0" timestamp="16 Jan 2016 06:03:19 GMT" time="18.394" errors="0">
  <testcase name="user_Clicks_GiftCards" time="18.394" classname="framework.testing.Gifts_Navigation"/>
</testsuite> <!-- framework.testing.Gifts_Navigation -->
