<?xml version="1.0" encoding="UTF-8"?>
<!-- Generated by org.testng.reporters.JUnitReportReporter -->
<testsuite hostname="ALIHAMZA" name="framework.testing.Create_Account" tests="2" failures="0" timestamp="16 Jan 2016 06:03:19 GMT" time="27.413" errors="0">
  <testcase name="user_CreatesAccount_FromFreeTrial" time="11.144" classname="framework.testing.Create_Account"/>
  <testcase name="user_CreatesNewAccount_FromMyAccount" time="16.269" classname="framework.testing.Create_Account"/>
</testsuite> <!-- framework.testing.Create_Account -->
