<?xml version="1.0" encoding="UTF-8"?>
<!-- Generated by org.testng.reporters.JUnitReportReporter -->
<testsuite hostname="ALIHAMZA" name="framework.testing.DummyTest" tests="1" failures="0" timestamp="11 Feb 2016 23:23:34 GMT" time="79.459" errors="0">
  <testcase name="dummyStart" time="79.459" classname="framework.testing.DummyTest"/>
</testsuite> <!-- framework.testing.DummyTest -->
