<?xml version="1.0" encoding="UTF-8"?>
<!-- Generated by org.testng.reporters.JUnitReportReporter -->
<testsuite hostname="ALIHAMZA" name="framework.testing.Cleaning_Navigation" tests="1" failures="0" timestamp="17 Jan 2016 19:52:43 GMT" time="13.813" errors="0">
  <testcase name="cleaning_Navigation" time="13.813" classname="framework.testing.Cleaning_Navigation"/>
</testsuite> <!-- framework.testing.Cleaning_Navigation -->
