<?xml version="1.0" encoding="UTF-8"?>
<!-- Generated by org.testng.reporters.JUnitReportReporter -->
<testsuite hostname="ALIHAMZA" name="framework.page_object.testing.Sign_In_TEST" tests="1" failures="0" timestamp="14 Dec 2015 02:27:09 GMT" time="10.821" errors="0">
  <testcase name="valid_login" time="10.821" classname="framework.page_object.testing.Sign_In_TEST"/>
</testsuite> <!-- framework.page_object.testing.Sign_In_TEST -->
