<?xml version="1.0" encoding="UTF-8"?>
<!-- Generated by org.testng.reporters.JUnitReportReporter -->
<testsuite hostname="ALIHAMZA" name="framework.testing.Main_Search" tests="1" failures="0" timestamp="13 Feb 2016 04:59:46 GMT" time="29.604" errors="0">
  <testcase name="search_Test" time="29.604" classname="framework.testing.Main_Search"/>
</testsuite> <!-- framework.testing.Main_Search -->
