<?xml version="1.0" encoding="UTF-8"?>
<!-- Generated by org.testng.reporters.JUnitReportReporter -->
<testsuite hostname="ALIHAMZA" name="framework.testing.Sign_In_TEST" tests="3" failures="0" timestamp="17 Dec 2015 01:31:16 GMT" time="45.340" errors="0">
  <testcase name="returnHome" time="2.316" classname="framework.testing.Sign_In_TEST"/>
  <testcase name="logIn_header" time="18.928" classname="framework.testing.Sign_In_TEST"/>
  <testcase name="logIn_myAccount" time="24.096" classname="framework.testing.Sign_In_TEST"/>
</testsuite> <!-- framework.testing.Sign_In_TEST -->
