<?xml version="1.0" encoding="UTF-8"?>
<!-- Generated by org.testng.reporters.JUnitReportReporter -->
<testsuite hostname="ALIHAMZA" name="framework.page_object.testing.Create_Account_TEST" tests="3" failures="0" timestamp="16 Dec 2015 00:07:51 GMT" time="39.392" errors="0">
  <testcase name="return_home" time="8.063" classname="framework.page_object.testing.Create_Account_TEST"/>
  <testcase name="account_newUser" time="18.074" classname="framework.page_object.testing.Create_Account_TEST"/>
  <testcase name="account_freeTrial" time="13.255" classname="framework.page_object.testing.Create_Account_TEST"/>
</testsuite> <!-- framework.page_object.testing.Create_Account_TEST -->
