<?xml version="1.0" encoding="UTF-8"?>
<!-- Generated by org.testng.reporters.JUnitReportReporter -->
<testsuite hostname="ALIHAMZA" name="framework.testing.JoinFreeTrial" tests="1" failures="0" timestamp="14 Feb 2016 21:18:23 GMT" time="43.492" errors="0">
  <testcase name="canJoinFreeTrial" time="43.492" classname="framework.testing.JoinFreeTrial"/>
</testsuite> <!-- framework.testing.JoinFreeTrial -->
