<?xml version="1.0" encoding="UTF-8"?>
<!-- Generated by org.testng.reporters.JUnitReportReporter -->
<testsuite hostname="ALIHAMZA" name="framework.testing.Feeding_Navigation" tests="1" failures="0" timestamp="12 Feb 2016 06:34:49 GMT" time="0.162" errors="0">
  <testcase name="feedingNavigationTest" time="0.162" classname="framework.testing.Feeding_Navigation"/>
</testsuite> <!-- framework.testing.Feeding_Navigation -->
