<?xml version="1.0" encoding="UTF-8"?>
<!-- Generated by org.testng.reporters.JUnitReportReporter -->
<testsuite hostname="ALIHAMZA" name="framework.page_object.testing.Navigation_Hover_TEST" tests="3" failures="0" timestamp="14 Dec 2015 02:27:09 GMT" time="33.943" errors="0">
  <testcase name="user_navi_bestDeal_formula" time="10.031" classname="framework.page_object.testing.Navigation_Hover_TEST"/>
  <testcase name="user_navi_diaperCakes" time="10.396" classname="framework.page_object.testing.Navigation_Hover_TEST"/>
  <testcase name="user_navi_new_orangeHandSanitizer" time="13.516" classname="framework.page_object.testing.Navigation_Hover_TEST"/>
</testsuite> <!-- framework.page_object.testing.Navigation_Hover_TEST -->
