<?xml version="1.0" encoding="UTF-8"?>
<!-- Generated by org.testng.reporters.JUnitReportReporter -->
<testsuite hostname="ALIHAMZA" name="framework.testing.Header_Navigation_Click" tests="1" failures="0" timestamp="16 Jan 2016 06:03:19 GMT" time="36.893" errors="0">
  <testcase name="header_Navigation" time="36.893" classname="framework.testing.Header_Navigation_Click"/>
</testsuite> <!-- framework.testing.Header_Navigation_Click -->
