<?xml version="1.0" encoding="UTF-8"?>
<!-- Generated by org.testng.reporters.JUnitReportReporter -->
<testsuite hostname="ALIHAMZA" name="framework.testing.Create_Account_TEST" tests="3" failures="0" timestamp="17 Dec 2015 01:31:16 GMT" time="60.673" errors="0">
  <testcase name="newUser_myAccount" time="34.811" classname="framework.testing.Create_Account_TEST"/>
  <testcase name="return_home" time="2.307" classname="framework.testing.Create_Account_TEST"/>
  <testcase name="newUser_freeTrial" time="23.555" classname="framework.testing.Create_Account_TEST"/>
</testsuite> <!-- framework.testing.Create_Account_TEST -->
