<?xml version="1.0" encoding="UTF-8"?>
<!-- Generated by org.testng.reporters.JUnitReportReporter -->
<testsuite hostname="ALIHAMZA" name="framework.testing.SignIn_Funnel_Navigation" tests="1" failures="0" timestamp="19 Jan 2016 01:53:38 GMT" time="64.570" errors="0">
  <testcase name="SignInFunnelNavigation" time="64.570" classname="framework.testing.SignIn_Funnel_Navigation"/>
</testsuite> <!-- framework.testing.SignIn_Funnel_Navigation -->
