<?xml version="1.0" encoding="UTF-8"?>
<!-- Generated by org.testng.reporters.JUnitReportReporter -->
<testsuite hostname="ALIHAMZA" name="framework.page_object.testing.Header_Test" tests="5" failures="0" timestamp="13 Dec 2015 18:09:13 GMT" time="75.143" errors="0">
  <testcase name="user_clicks_header01" time="14.033" classname="framework.page_object.testing.Header_Test"/>
  <testcase name="user_clicks_header03" time="16.766" classname="framework.page_object.testing.Header_Test"/>
  <testcase name="user_clicks_header05" time="13.327" classname="framework.page_object.testing.Header_Test"/>
  <testcase name="user_clicks_header04" time="15.731" classname="framework.page_object.testing.Header_Test"/>
  <testcase name="user_clicks_header02" time="15.286" classname="framework.page_object.testing.Header_Test"/>
</testsuite> <!-- framework.page_object.testing.Header_Test -->
