<?xml version="1.0" encoding="UTF-8"?>
<!-- Generated by org.testng.reporters.JUnitReportReporter -->
<testsuite hostname="ALIHAMZA" name="framework.testing.Create_Account" tests="1" failures="0" timestamp="12 Feb 2016 04:36:26 GMT" time="91.547" errors="0">
  <testcase name="accountCreation" time="91.547" classname="framework.testing.Create_Account"/>
</testsuite> <!-- framework.testing.Create_Account -->
